Using pre-set license
Built from '2021.3/staging' branch; Version is '2021.3.11f1 (0a5ca18544bf) revision 679073'; Using compiler version '192829333'; Build Type 'Release'
OS: 'Windows 10  (10.0.19044) 64bit Core' Language: 'en' Physical Memory: 32552 MB
BatchMode: 1, IsHumanControllingUs: 0, StartBugReporterOnCrash: 0, Is64bit: 1, IsPro: 1

COMMAND LINE ARGUMENTS:
C:\Program Files\Unity\Hub\Editor\2021.3.11f1\Editor\Unity.exe
-adb2
-batchMode
-noUpm
-name
AssetImportWorker4
-projectPath
C:/Users/S/Desktop/UnityGames/GobblyGardener
-logFile
Logs/AssetImportWorker4.log
-srvPort
59372
Successfully changed project path to: C:/Users/S/Desktop/UnityGames/GobblyGardener
C:/Users/S/Desktop/UnityGames/GobblyGardener
[UnityMemory] Configuration Parameters - Can be set up in boot.config
    "memorysetup-bucket-allocator-granularity=16"
    "memorysetup-bucket-allocator-bucket-count=8"
    "memorysetup-bucket-allocator-block-size=33554432"
    "memorysetup-bucket-allocator-block-count=8"
    "memorysetup-main-allocator-block-size=16777216"
    "memorysetup-thread-allocator-block-size=16777216"
    "memorysetup-gfx-main-allocator-block-size=16777216"
    "memorysetup-gfx-thread-allocator-block-size=16777216"
    "memorysetup-cache-allocator-block-size=4194304"
    "memorysetup-typetree-allocator-block-size=2097152"
    "memorysetup-profiler-bucket-allocator-granularity=16"
    "memorysetup-profiler-bucket-allocator-bucket-count=8"
    "memorysetup-profiler-bucket-allocator-block-size=33554432"
    "memorysetup-profiler-bucket-allocator-block-count=8"
    "memorysetup-profiler-allocator-block-size=16777216"
    "memorysetup-profiler-editor-allocator-block-size=1048576"
    "memorysetup-temp-allocator-size-main=16777216"
    "memorysetup-job-temp-allocator-block-size=2097152"
    "memorysetup-job-temp-allocator-block-size-background=1048576"
    "memorysetup-job-temp-allocator-reduction-small-platforms=262144"
    "memorysetup-temp-allocator-size-background-worker=32768"
    "memorysetup-temp-allocator-size-job-worker=262144"
    "memorysetup-temp-allocator-size-preload-manager=33554432"
    "memorysetup-temp-allocator-size-nav-mesh-worker=65536"
    "memorysetup-temp-allocator-size-audio-worker=65536"
    "memorysetup-temp-allocator-size-cloud-worker=32768"
    "memorysetup-temp-allocator-size-gi-baking-worker=262144"
    "memorysetup-temp-allocator-size-gfx=262144"
Refreshing native plugins compatible for Editor in 120.74 ms, found 4 plugins.
Preloading 0 native plugins for Editor in 0.00 ms.
Initialize engine version: 2021.3.11f1 (0a5ca18544bf)
[Subsystems] Discovering subsystems at path C:/Program Files/Unity/Hub/Editor/2021.3.11f1/Editor/Data/Resources/UnitySubsystems
[Subsystems] Discovering subsystems at path C:/Users/S/Desktop/UnityGames/GobblyGardener/Assets
GfxDevice: creating device client; threaded=0; jobified=0
Direct3D:
    Version:  Direct3D 11.0 [level 11.1]
    Renderer: NVIDIA GeForce RTX 3080 (ID=0x220a)
    Vendor:   NVIDIA
    VRAM:     12116 MB
    Driver:   31.0.15.1694
Initialize mono
Mono path[0] = 'C:/Program Files/Unity/Hub/Editor/2021.3.11f1/Editor/Data/Managed'
Mono path[1] = 'C:/Program Files/Unity/Hub/Editor/2021.3.11f1/Editor/Data/MonoBleedingEdge/lib/mono/unityjit-win32'
Mono config path = 'C:/Program Files/Unity/Hub/Editor/2021.3.11f1/Editor/Data/MonoBleedingEdge/etc'
Using monoOptions --debugger-agent=transport=dt_socket,embedding=1,server=y,suspend=n,address=127.0.0.1:56288
Begin MonoManager ReloadAssembly
Registering precompiled unity dll's ...
Register platform support module: C:/Program Files/Unity/Hub/Editor/2021.3.11f1/Editor/Data/PlaybackEngines/WindowsStandaloneSupport/UnityEditor.WindowsStandalone.Extensions.dll
Registered in 0.008784 seconds.
Native extension for WindowsStandalone target not found
Refreshing native plugins compatible for Editor in 95.86 ms, found 4 plugins.
Preloading 0 native plugins for Editor in 0.00 ms.
Mono: successfully reloaded assembly
- Completed reload, in  0.738 seconds
Domain Reload Profiling:
	ReloadAssembly (739ms)
		BeginReloadAssembly (85ms)
			ExecutionOrderSort (0ms)
			DisableScriptedObjects (0ms)
			BackupInstance (0ms)
			ReleaseScriptingObjects (0ms)
			CreateAndSetChildDomain (1ms)
		EndReloadAssembly (526ms)
			LoadAssemblies (82ms)
			RebuildTransferFunctionScriptingTraits (0ms)
			SetupTypeCache (115ms)
			ReleaseScriptCaches (0ms)
			RebuildScriptCaches (30ms)
			SetupLoadedEditorAssemblies (323ms)
				LogAssemblyErrors (0ms)
				InitializePlatformSupportModulesInManaged (9ms)
				SetLoadedEditorAssemblies (0ms)
				RefreshPlugins (96ms)
				BeforeProcessingInitializeOnLoad (1ms)
				ProcessInitializeOnLoadAttributes (164ms)
				ProcessInitializeOnLoadMethodAttributes (52ms)
				AfterProcessingInitializeOnLoad (0ms)
				EditorAssembliesLoaded (0ms)
			ExecutionOrderSort2 (0ms)
			AwakeInstancesAfterBackupRestoration (0ms)
Platform modules already initialized, skipping
Registering precompiled user dll's ...
Registered in 0.009968 seconds.
Begin MonoManager ReloadAssembly
Symbol file LoadedFromMemory doesn't match image C:\Users\S\Desktop\UnityGames\GobblyGardener\Library\PackageCache\com.unity.visualscripting@1.7.8\Editor\VisualScripting.Core\Dependencies\YamlDotNet\Unity.VisualScripting.YamlDotNet.dll
Symbol file LoadedFromMemory doesn't match image C:\Users\S\Desktop\UnityGames\GobblyGardener\Library\PackageCache\com.unity.visualscripting@1.7.8\Editor\VisualScripting.Core\Dependencies\DotNetZip\Unity.VisualScripting.IonicZip.dll
Native extension for WindowsStandalone target not found
Refreshing native plugins compatible for Editor in 91.37 ms, found 4 plugins.
Preloading 0 native plugins for Editor in 0.00 ms.
Mono: successfully reloaded assembly
- Completed reload, in  1.238 seconds
Domain Reload Profiling:
	ReloadAssembly (1239ms)
		BeginReloadAssembly (91ms)
			ExecutionOrderSort (0ms)
			DisableScriptedObjects (6ms)
			BackupInstance (0ms)
			ReleaseScriptingObjects (0ms)
			CreateAndSetChildDomain (17ms)
		EndReloadAssembly (1015ms)
			LoadAssemblies (67ms)
			RebuildTransferFunctionScriptingTraits (0ms)
			SetupTypeCache (270ms)
			ReleaseScriptCaches (1ms)
			RebuildScriptCaches (64ms)
			SetupLoadedEditorAssemblies (533ms)
				LogAssemblyErrors (0ms)
				InitializePlatformSupportModulesInManaged (5ms)
				SetLoadedEditorAssemblies (0ms)
				RefreshPlugins (91ms)
				BeforeProcessingInitializeOnLoad (110ms)
				ProcessInitializeOnLoadAttributes (270ms)
				ProcessInitializeOnLoadMethodAttributes (46ms)
				AfterProcessingInitializeOnLoad (10ms)
				EditorAssembliesLoaded (0ms)
			ExecutionOrderSort2 (0ms)
			AwakeInstancesAfterBackupRestoration (7ms)
Platform modules already initialized, skipping
========================================================================
Worker process is ready to serve import requests
Launched and connected shader compiler UnityShaderCompiler.exe after 0.04 seconds
Refreshing native plugins compatible for Editor in 0.50 ms, found 4 plugins.
Preloading 0 native plugins for Editor in 0.00 ms.
Unloading 4138 Unused Serialized files (Serialized files now loaded: 0)
Unloading 44 unused Assets / (228.9 KB). Loaded Objects now: 4591.
Memory consumption went from 155.6 MB to 155.4 MB.
Total: 2.286300 ms (FindLiveObjects: 0.196600 ms CreateObjectMapping: 0.079700 ms MarkObjects: 1.896100 ms  DeleteObjects: 0.113200 ms)

AssetImportParameters requested are different than current active one (requested -> active):
  custom:video-decoder-ogg-theora: a1e56fd34408186e4bbccfd4996cb3dc -> 
  custom:container-muxer-webm: aa71ff27fc2769a1b78a27578f13a17b -> 
  custom:container-demuxer-webm: 4f35f7cbe854078d1ac9338744f61a02 -> 
  custom:video-encoder-webm-vp8: eb34c28f22e8b96e1ab97ce403110664 -> 
  custom:video-codec-MediaFoundation-h265: 746d11721c4dcdbdad8f713fa42b33f4 -> 
  custom:audio-encoder-webm-vorbis: bf7c407c2cedff20999df2af8eb42d56 -> 
  custom:framework-win-MediaFoundation: 216162199b28c13a410421893ffa2e32 -> 
  custom:container-demuxer-ogg: 62fdf1f143b41e24485cea50d1cbac27 -> 
  custom:video-decoder-webm-vp8: 9c59270c3fd7afecdb556c50c9e8de78 -> 
  custom:audio-decoder-ogg-vorbis: bf7c407c2cedff20999df2af8eb42d56 -> 
========================================================================
Received Import Request.
  Time since last request: 981.085403 seconds.
  path: Assets/Prefabs/Arcane Succulent 1.prefab
  artifactKey: Guid(47e3e8e8f263f63448428b1b016aa3e0) Importer(815301076,1909f56bfc062723c751e8b465ee728b)
Start importing Assets/Prefabs/Arcane Succulent 1.prefab using Guid(47e3e8e8f263f63448428b1b016aa3e0) Importer(815301076,1909f56bfc062723c751e8b465ee728b)  -> (artifact id: '621a29be731fb1b0fcf2fb563a3f13b1') in 0.185532 seconds 
========================================================================
Received Import Request.
  Time since last request: 151.915083 seconds.
  path: Assets/Prefabs/Osiris Papyris.prefab
  artifactKey: Guid(47e3e8e8f263f63448428b1b016aa3e0) Importer(815301076,1909f56bfc062723c751e8b465ee728b)
Start importing Assets/Prefabs/Osiris Papyris.prefab using Guid(47e3e8e8f263f63448428b1b016aa3e0) Importer(815301076,1909f56bfc062723c751e8b465ee728b)  -> (artifact id: '263f79735de09c916d68cd3ab2d95331') in 0.039098 seconds 
========================================================================
Received Import Request.
  Time since last request: 49.199689 seconds.
  path: Assets/Prefabs/Oracle Papyris.prefab
  artifactKey: Guid(47e3e8e8f263f63448428b1b016aa3e0) Importer(815301076,1909f56bfc062723c751e8b465ee728b)
Start importing Assets/Prefabs/Oracle Papyris.prefab using Guid(47e3e8e8f263f63448428b1b016aa3e0) Importer(815301076,1909f56bfc062723c751e8b465ee728b)  -> (artifact id: 'f109359a6f74f67f502916978479cac6') in 0.039547 seconds 
========================================================================
Received Import Request.
  Time since last request: 24.038653 seconds.
  path: Assets/Prefabs/Oracle Papyris.prefab
  artifactKey: Guid(47e3e8e8f263f63448428b1b016aa3e0) Importer(815301076,1909f56bfc062723c751e8b465ee728b)
Start importing Assets/Prefabs/Oracle Papyris.prefab using Guid(47e3e8e8f263f63448428b1b016aa3e0) Importer(815301076,1909f56bfc062723c751e8b465ee728b)  -> (artifact id: 'cb596e854ef3ed16d780aa68a05b9b3e') in 0.037182 seconds 
========================================================================
Received Import Request.
  Time since last request: 20.322177 seconds.
  path: Assets/Prefabs/Oracle Papyris.prefab
  artifactKey: Guid(47e3e8e8f263f63448428b1b016aa3e0) Importer(815301076,1909f56bfc062723c751e8b465ee728b)
Start importing Assets/Prefabs/Oracle Papyris.prefab using Guid(47e3e8e8f263f63448428b1b016aa3e0) Importer(815301076,1909f56bfc062723c751e8b465ee728b)  -> (artifact id: 'ef4fe72b612ca9271025ba45cce98e78') in 0.037249 seconds 
========================================================================
Received Import Request.
  Time since last request: 39.416102 seconds.
  path: Assets/Prefabs/ol3wul7hnu171.png
  artifactKey: Guid(f7f5f1220c9e0f142abdd34103279c47) Importer(815301076,1909f56bfc062723c751e8b465ee728b)
Start importing Assets/Prefabs/ol3wul7hnu171.png using Guid(f7f5f1220c9e0f142abdd34103279c47) Importer(815301076,1909f56bfc062723c751e8b465ee728b)  -> (artifact id: 'bf028e37bacfb9eeaca8e3cf6e9b39b5') in 0.154564 seconds 
========================================================================
Received Import Request.
  Time since last request: 5.050609 seconds.
  path: Assets/Prefabs/Oracle Papyris.prefab
  artifactKey: Guid(47e3e8e8f263f63448428b1b016aa3e0) Importer(815301076,1909f56bfc062723c751e8b465ee728b)
Start importing Assets/Prefabs/Oracle Papyris.prefab using Guid(47e3e8e8f263f63448428b1b016aa3e0) Importer(815301076,1909f56bfc062723c751e8b465ee728b)  -> (artifact id: 'bc5eedeac80e3814ad8c5cbecf599e99') in 0.037740 seconds 
========================================================================
Received Import Request.
  Time since last request: 8.332298 seconds.
  path: Assets/Prefabs/Oracle Papyris.prefab
  artifactKey: Guid(47e3e8e8f263f63448428b1b016aa3e0) Importer(815301076,1909f56bfc062723c751e8b465ee728b)
Start importing Assets/Prefabs/Oracle Papyris.prefab using Guid(47e3e8e8f263f63448428b1b016aa3e0) Importer(815301076,1909f56bfc062723c751e8b465ee728b)  -> (artifact id: '3dc04b98d477fbff48303dd6f9e4e140') in 0.036804 seconds 
========================================================================
Received Import Request.
  Time since last request: 13.016582 seconds.
  path: Assets/Prefabs/Oracle Papyris.prefab
  artifactKey: Guid(47e3e8e8f263f63448428b1b016aa3e0) Importer(815301076,1909f56bfc062723c751e8b465ee728b)
Start importing Assets/Prefabs/Oracle Papyris.prefab using Guid(47e3e8e8f263f63448428b1b016aa3e0) Importer(815301076,1909f56bfc062723c751e8b465ee728b)  -> (artifact id: 'b13a6e4e1faa7c6849fe9e8a7e2c3cac') in 0.040509 seconds 
========================================================================
Received Import Request.
  Time since last request: 1.788726 seconds.
  path: Assets/Prefabs/Oracle Papyris.prefab
  artifactKey: Guid(47e3e8e8f263f63448428b1b016aa3e0) Importer(815301076,1909f56bfc062723c751e8b465ee728b)
Start importing Assets/Prefabs/Oracle Papyris.prefab using Guid(47e3e8e8f263f63448428b1b016aa3e0) Importer(815301076,1909f56bfc062723c751e8b465ee728b)  -> (artifact id: 'acdf00a813dd60c889af3042114495e0') in 0.033669 seconds 
========================================================================
Received Import Request.
  Time since last request: 2.774074 seconds.
  path: Assets/Prefabs/Oracle Papyris.prefab
  artifactKey: Guid(47e3e8e8f263f63448428b1b016aa3e0) Importer(815301076,1909f56bfc062723c751e8b465ee728b)
Start importing Assets/Prefabs/Oracle Papyris.prefab using Guid(47e3e8e8f263f63448428b1b016aa3e0) Importer(815301076,1909f56bfc062723c751e8b465ee728b)  -> (artifact id: '36efd940cf629fb0b85f4f724625e242') in 0.033841 seconds 
========================================================================
Received Import Request.
  Time since last request: 6.022122 seconds.
  path: Assets/Prefabs/Oracle Papyris.prefab
  artifactKey: Guid(47e3e8e8f263f63448428b1b016aa3e0) Importer(815301076,1909f56bfc062723c751e8b465ee728b)
Start importing Assets/Prefabs/Oracle Papyris.prefab using Guid(47e3e8e8f263f63448428b1b016aa3e0) Importer(815301076,1909f56bfc062723c751e8b465ee728b)  -> (artifact id: '5da6ecd3594612e80ba812f056436bc4') in 0.033649 seconds 
========================================================================
Received Import Request.
  Time since last request: 3.572156 seconds.
  path: Assets/Prefabs/Oracle Papyris.prefab
  artifactKey: Guid(47e3e8e8f263f63448428b1b016aa3e0) Importer(815301076,1909f56bfc062723c751e8b465ee728b)
Start importing Assets/Prefabs/Oracle Papyris.prefab using Guid(47e3e8e8f263f63448428b1b016aa3e0) Importer(815301076,1909f56bfc062723c751e8b465ee728b)  -> (artifact id: '7b7fb8f4687daadefaa7de901ed227df') in 0.033719 seconds 
========================================================================
Received Import Request.
  Time since last request: 14.470990 seconds.
  path: Assets/Prefabs/Oracle Papyris.prefab
  artifactKey: Guid(47e3e8e8f263f63448428b1b016aa3e0) Importer(815301076,1909f56bfc062723c751e8b465ee728b)
Start importing Assets/Prefabs/Oracle Papyris.prefab using Guid(47e3e8e8f263f63448428b1b016aa3e0) Importer(815301076,1909f56bfc062723c751e8b465ee728b)  -> (artifact id: '6a12d979da92f60640a7567462b5087f') in 0.033739 seconds 
========================================================================
Received Import Request.
  Time since last request: 5.621391 seconds.
  path: Assets/Prefabs/Oracle Papyris.prefab
  artifactKey: Guid(47e3e8e8f263f63448428b1b016aa3e0) Importer(815301076,1909f56bfc062723c751e8b465ee728b)
Start importing Assets/Prefabs/Oracle Papyris.prefab using Guid(47e3e8e8f263f63448428b1b016aa3e0) Importer(815301076,1909f56bfc062723c751e8b465ee728b)  -> (artifact id: 'fd874418eb8537db70927592bbe8d6fe') in 0.032967 seconds 
========================================================================
Received Import Request.
  Time since last request: 5.226896 seconds.
  path: Assets/Prefabs/Oracle Papyris.prefab
  artifactKey: Guid(47e3e8e8f263f63448428b1b016aa3e0) Importer(815301076,1909f56bfc062723c751e8b465ee728b)
Start importing Assets/Prefabs/Oracle Papyris.prefab using Guid(47e3e8e8f263f63448428b1b016aa3e0) Importer(815301076,1909f56bfc062723c751e8b465ee728b)  -> (artifact id: '3541bd9c7fcf7df812343668e737848c') in 0.035714 seconds 
========================================================================
Received Import Request.
  Time since last request: 7.443918 seconds.
  path: Assets/Prefabs/Oracle Papyris.prefab
  artifactKey: Guid(47e3e8e8f263f63448428b1b016aa3e0) Importer(815301076,1909f56bfc062723c751e8b465ee728b)
Start importing Assets/Prefabs/Oracle Papyris.prefab using Guid(47e3e8e8f263f63448428b1b016aa3e0) Importer(815301076,1909f56bfc062723c751e8b465ee728b)  -> (artifact id: 'ac6d215fd23cd1f2e6d1b3078c757257') in 0.033805 seconds 
========================================================================
Received Import Request.
  Time since last request: 3.052394 seconds.
  path: Assets/Prefabs/Oracle Papyris.prefab
  artifactKey: Guid(47e3e8e8f263f63448428b1b016aa3e0) Importer(815301076,1909f56bfc062723c751e8b465ee728b)
Start importing Assets/Prefabs/Oracle Papyris.prefab using Guid(47e3e8e8f263f63448428b1b016aa3e0) Importer(815301076,1909f56bfc062723c751e8b465ee728b)  -> (artifact id: 'a2667fe40cdc5e673174b82ffa9154b4') in 0.033333 seconds 
========================================================================
Received Import Request.
  Time since last request: 12.078442 seconds.
  path: Assets/Prefabs/Oracle Papyris.prefab
  artifactKey: Guid(47e3e8e8f263f63448428b1b016aa3e0) Importer(815301076,1909f56bfc062723c751e8b465ee728b)
Start importing Assets/Prefabs/Oracle Papyris.prefab using Guid(47e3e8e8f263f63448428b1b016aa3e0) Importer(815301076,1909f56bfc062723c751e8b465ee728b)  -> (artifact id: '0bddff9cc16e44903a9b41504ccc296a') in 0.034080 seconds 
========================================================================
Received Import Request.
  Time since last request: 8.693931 seconds.
  path: Assets/Prefabs/Oracle Papyris.prefab
  artifactKey: Guid(47e3e8e8f263f63448428b1b016aa3e0) Importer(815301076,1909f56bfc062723c751e8b465ee728b)
Start importing Assets/Prefabs/Oracle Papyris.prefab using Guid(47e3e8e8f263f63448428b1b016aa3e0) Importer(815301076,1909f56bfc062723c751e8b465ee728b)  -> (artifact id: '6ec8d43abc73441adb8c82e67b85a55b') in 0.033308 seconds 
========================================================================
Received Import Request.
  Time since last request: 8.941672 seconds.
  path: Assets/Prefabs/Oracle Papyris.prefab
  artifactKey: Guid(47e3e8e8f263f63448428b1b016aa3e0) Importer(815301076,1909f56bfc062723c751e8b465ee728b)
Start importing Assets/Prefabs/Oracle Papyris.prefab using Guid(47e3e8e8f263f63448428b1b016aa3e0) Importer(815301076,1909f56bfc062723c751e8b465ee728b)  -> (artifact id: 'd6f26f6acd1ef0526dbc037c8aeb771d') in 0.035508 seconds 
========================================================================
Received Import Request.
  Time since last request: 7.626263 seconds.
  path: Assets/Prefabs/Oracle Papyris.prefab
  artifactKey: Guid(47e3e8e8f263f63448428b1b016aa3e0) Importer(815301076,1909f56bfc062723c751e8b465ee728b)
Start importing Assets/Prefabs/Oracle Papyris.prefab using Guid(47e3e8e8f263f63448428b1b016aa3e0) Importer(815301076,1909f56bfc062723c751e8b465ee728b)  -> (artifact id: '12c616efcbe06df2541cca23a59eb534') in 0.033827 seconds 
========================================================================
Received Import Request.
  Time since last request: 9.024435 seconds.
  path: Assets/Prefabs/Oracle Papyris.prefab
  artifactKey: Guid(47e3e8e8f263f63448428b1b016aa3e0) Importer(815301076,1909f56bfc062723c751e8b465ee728b)
Start importing Assets/Prefabs/Oracle Papyris.prefab using Guid(47e3e8e8f263f63448428b1b016aa3e0) Importer(815301076,1909f56bfc062723c751e8b465ee728b)  -> (artifact id: '38db5e0a4298ec9c2202e115addd25cf') in 0.032110 seconds 
========================================================================
Received Import Request.
  Time since last request: 3.216995 seconds.
  path: Assets/Prefabs/Oracle Papyris.prefab
  artifactKey: Guid(47e3e8e8f263f63448428b1b016aa3e0) Importer(815301076,1909f56bfc062723c751e8b465ee728b)
Start importing Assets/Prefabs/Oracle Papyris.prefab using Guid(47e3e8e8f263f63448428b1b016aa3e0) Importer(815301076,1909f56bfc062723c751e8b465ee728b)  -> (artifact id: '7e8b45a4f6748bc4658338e2334a1cd9') in 0.033874 seconds 
========================================================================
Received Import Request.
  Time since last request: 2.573657 seconds.
  path: Assets/Prefabs/Oracle Papyris.prefab
  artifactKey: Guid(47e3e8e8f263f63448428b1b016aa3e0) Importer(815301076,1909f56bfc062723c751e8b465ee728b)
Start importing Assets/Prefabs/Oracle Papyris.prefab using Guid(47e3e8e8f263f63448428b1b016aa3e0) Importer(815301076,1909f56bfc062723c751e8b465ee728b)  -> (artifact id: '00a9c1a1a6184797aae35f2961902eab') in 0.034648 seconds 
========================================================================
Received Import Request.
  Time since last request: 7.433795 seconds.
  path: Assets/Prefabs/Oracle Papyris.prefab
  artifactKey: Guid(47e3e8e8f263f63448428b1b016aa3e0) Importer(815301076,1909f56bfc062723c751e8b465ee728b)
Start importing Assets/Prefabs/Oracle Papyris.prefab using Guid(47e3e8e8f263f63448428b1b016aa3e0) Importer(815301076,1909f56bfc062723c751e8b465ee728b)  -> (artifact id: '9adb469506875bfba3fa1e0ab9ed02a6') in 0.033291 seconds 
========================================================================
Received Prepare
Registering precompiled user dll's ...
Registered in 0.007635 seconds.
Begin MonoManager ReloadAssembly
Symbol file LoadedFromMemory doesn't match image C:\Users\S\Desktop\UnityGames\GobblyGardener\Library\PackageCache\com.unity.visualscripting@1.7.8\Editor\VisualScripting.Core\Dependencies\YamlDotNet\Unity.VisualScripting.YamlDotNet.dll
Symbol file LoadedFromMemory doesn't match image C:\Users\S\Desktop\UnityGames\GobblyGardener\Library\PackageCache\com.unity.visualscripting@1.7.8\Editor\VisualScripting.Core\Dependencies\DotNetZip\Unity.VisualScripting.IonicZip.dll
Native extension for WindowsStandalone target not found
Refreshing native plugins compatible for Editor in 0.77 ms, found 4 plugins.
Preloading 0 native plugins for Editor in 0.00 ms.
Mono: successfully reloaded assembly
- Completed reload, in  1.347 seconds
Domain Reload Profiling:
	ReloadAssembly (1348ms)
		BeginReloadAssembly (202ms)
			ExecutionOrderSort (0ms)
			DisableScriptedObjects (7ms)
			BackupInstance (0ms)
			ReleaseScriptingObjects (0ms)
			CreateAndSetChildDomain (53ms)
		EndReloadAssembly (1021ms)
			LoadAssemblies (136ms)
			RebuildTransferFunctionScriptingTraits (0ms)
			SetupTypeCache (290ms)
			ReleaseScriptCaches (1ms)
			RebuildScriptCaches (73ms)
			SetupLoadedEditorAssemblies (487ms)
				LogAssemblyErrors (0ms)
				InitializePlatformSupportModulesInManaged (14ms)
				SetLoadedEditorAssemblies (1ms)
				RefreshPlugins (1ms)
				BeforeProcessingInitializeOnLoad (96ms)
				ProcessInitializeOnLoadAttributes (303ms)
				ProcessInitializeOnLoadMethodAttributes (61ms)
				AfterProcessingInitializeOnLoad (12ms)
				EditorAssembliesLoaded (0ms)
			ExecutionOrderSort2 (0ms)
			AwakeInstancesAfterBackupRestoration (23ms)
Platform modules already initialized, skipping
Refreshing native plugins compatible for Editor in 2.78 ms, found 4 plugins.
Preloading 0 native plugins for Editor in 0.00 ms.
Unloading 4120 Unused Serialized files (Serialized files now loaded: 0)
Unloading 35 unused Assets / (197.5 KB). Loaded Objects now: 4607.
Memory consumption went from 158.8 MB to 158.6 MB.
Total: 3.430000 ms (FindLiveObjects: 0.394700 ms CreateObjectMapping: 0.143600 ms MarkObjects: 2.697300 ms  DeleteObjects: 0.193200 ms)

AssetImportParameters requested are different than current active one (requested -> active):
  custom:video-decoder-ogg-theora: a1e56fd34408186e4bbccfd4996cb3dc -> 
  custom:container-muxer-webm: aa71ff27fc2769a1b78a27578f13a17b -> 
  custom:container-demuxer-webm: 4f35f7cbe854078d1ac9338744f61a02 -> 
  custom:video-encoder-webm-vp8: eb34c28f22e8b96e1ab97ce403110664 -> 
  custom:video-codec-MediaFoundation-h265: 746d11721c4dcdbdad8f713fa42b33f4 -> 
  custom:audio-encoder-webm-vorbis: bf7c407c2cedff20999df2af8eb42d56 -> 
  custom:framework-win-MediaFoundation: 216162199b28c13a410421893ffa2e32 -> 
  custom:container-demuxer-ogg: 62fdf1f143b41e24485cea50d1cbac27 -> 
  custom:video-decoder-webm-vp8: 9c59270c3fd7afecdb556c50c9e8de78 -> 
  custom:audio-decoder-ogg-vorbis: bf7c407c2cedff20999df2af8eb42d56 -> 
========================================================================
Received Import Request.
  Time since last request: 129.656492 seconds.
  path: Assets/Prefabs/Gobbly Water Can.prefab
  artifactKey: Guid(3e3a7d5fff258024aaf9866fde3c3f62) Importer(815301076,1909f56bfc062723c751e8b465ee728b)
Start importing Assets/Prefabs/Gobbly Water Can.prefab using Guid(3e3a7d5fff258024aaf9866fde3c3f62) Importer(815301076,1909f56bfc062723c751e8b465ee728b)  -> (artifact id: '65963174d1e2f86c6c50270d0b534df9') in 0.158863 seconds 
========================================================================
Received Import Request.
  Time since last request: 0.000023 seconds.
  path: Assets/Prefabs/Fey Roses.prefab
  artifactKey: Guid(66b86d676c5e48242ab6b5928134c71a) Importer(815301076,1909f56bfc062723c751e8b465ee728b)
Start importing Assets/Prefabs/Fey Roses.prefab using Guid(66b86d676c5e48242ab6b5928134c71a) Importer(815301076,1909f56bfc062723c751e8b465ee728b)  -> (artifact id: '96a725ee74a153b9fb855f5622ed20c5') in 0.055511 seconds 
========================================================================
Received Import Request.
  Time since last request: 0.000024 seconds.
  path: Assets/Prefabs/Diviners Boots.prefab
  artifactKey: Guid(2b54af02ef85ca2438444387550a60a5) Importer(815301076,1909f56bfc062723c751e8b465ee728b)
Start importing Assets/Prefabs/Diviners Boots.prefab using Guid(2b54af02ef85ca2438444387550a60a5) Importer(815301076,1909f56bfc062723c751e8b465ee728b)  -> (artifact id: 'b422ac3253ba45ddeb2caa21fdecee3e') in 0.050375 seconds 
========================================================================
Received Import Request.
  Time since last request: 0.000036 seconds.
  path: Assets/Prefabs/Gardeners Miracle.prefab
  artifactKey: Guid(846e81267bb82e6448b07bcf4a117dfb) Importer(815301076,1909f56bfc062723c751e8b465ee728b)
Start importing Assets/Prefabs/Gardeners Miracle.prefab using Guid(846e81267bb82e6448b07bcf4a117dfb) Importer(815301076,1909f56bfc062723c751e8b465ee728b)  -> (artifact id: 'ce39de7f3dc5450c99608242bf19e845') in 0.050897 seconds 
========================================================================
Received Import Request.
  Time since last request: 0.000024 seconds.
  path: Assets/Prefabs/Blink Gloves.prefab
  artifactKey: Guid(fe7f8a7b97bd1644ba598f6d9560f2c5) Importer(815301076,1909f56bfc062723c751e8b465ee728b)
Start importing Assets/Prefabs/Blink Gloves.prefab using Guid(fe7f8a7b97bd1644ba598f6d9560f2c5) Importer(815301076,1909f56bfc062723c751e8b465ee728b)  -> (artifact id: '95d1085e72bf407a42d013728d72a232') in 0.064448 seconds 
========================================================================
Received Import Request.
  Time since last request: 0.000028 seconds.
  path: Assets/Prefabs/Prickle Bulb.prefab
  artifactKey: Guid(4b47ebecf00c31342830fdecf34a7949) Importer(815301076,1909f56bfc062723c751e8b465ee728b)
Start importing Assets/Prefabs/Prickle Bulb.prefab using Guid(4b47ebecf00c31342830fdecf34a7949) Importer(815301076,1909f56bfc062723c751e8b465ee728b)  -> (artifact id: '3356181efe00b48a19a1ead21a4aa71b') in 0.037249 seconds 
========================================================================
Received Import Request.
  Time since last request: 0.000029 seconds.
  path: Assets/Prefabs/Arcane Succulent.prefab
  artifactKey: Guid(c119cafc7a23ed44990f3dceed04ba9d) Importer(815301076,1909f56bfc062723c751e8b465ee728b)
Start importing Assets/Prefabs/Arcane Succulent.prefab using Guid(c119cafc7a23ed44990f3dceed04ba9d) Importer(815301076,1909f56bfc062723c751e8b465ee728b)  -> (artifact id: 'e2f24b6db4be8e9d78ac9ec8828cb5a7') in 0.046136 seconds 
========================================================================
Received Import Request.
  Time since last request: 0.000023 seconds.
  path: Assets/Prefabs/Ancient Garden Tree.prefab
  artifactKey: Guid(6e2f0d88a5b38424aa621898f168f348) Importer(815301076,1909f56bfc062723c751e8b465ee728b)
Start importing Assets/Prefabs/Ancient Garden Tree.prefab using Guid(6e2f0d88a5b38424aa621898f168f348) Importer(815301076,1909f56bfc062723c751e8b465ee728b)  -> (artifact id: '643b939750b2018cd9ec11b734774047') in 0.057768 seconds 
========================================================================
Received Import Request.
  Time since last request: 12.034982 seconds.
  path: Assets/Prefabs/Oracle Papyris.prefab
  artifactKey: Guid(47e3e8e8f263f63448428b1b016aa3e0) Importer(815301076,1909f56bfc062723c751e8b465ee728b)
Start importing Assets/Prefabs/Oracle Papyris.prefab using Guid(47e3e8e8f263f63448428b1b016aa3e0) Importer(815301076,1909f56bfc062723c751e8b465ee728b)  -> (artifact id: 'f61dd248d3e6ca0c2f7164d2f09a79d1') in 0.038030 seconds 
========================================================================
Received Import Request.
  Time since last request: 6.184376 seconds.
  path: Assets/Prefabs/Oracle Papyris.prefab
  artifactKey: Guid(47e3e8e8f263f63448428b1b016aa3e0) Importer(815301076,1909f56bfc062723c751e8b465ee728b)
Start importing Assets/Prefabs/Oracle Papyris.prefab using Guid(47e3e8e8f263f63448428b1b016aa3e0) Importer(815301076,1909f56bfc062723c751e8b465ee728b)  -> (artifact id: '0dfd31de59e7a2917deaba8b2bb4c4e5') in 0.035258 seconds 
========================================================================
Received Prepare
Registering precompiled user dll's ...
Registered in 0.009271 seconds.
Begin MonoManager ReloadAssembly
Symbol file LoadedFromMemory doesn't match image C:\Users\S\Desktop\UnityGames\GobblyGardener\Library\PackageCache\com.unity.visualscripting@1.7.8\Editor\VisualScripting.Core\Dependencies\YamlDotNet\Unity.VisualScripting.YamlDotNet.dll
Symbol file LoadedFromMemory doesn't match image C:\Users\S\Desktop\UnityGames\GobblyGardener\Library\PackageCache\com.unity.visualscripting@1.7.8\Editor\VisualScripting.Core\Dependencies\DotNetZip\Unity.VisualScripting.IonicZip.dll
Native extension for WindowsStandalone target not found
Refreshing native plugins compatible for Editor in 0.78 ms, found 4 plugins.
Preloading 0 native plugins for Editor in 0.00 ms.
Mono: successfully reloaded assembly
- Completed reload, in  1.276 seconds
Domain Reload Profiling:
	ReloadAssembly (1277ms)
		BeginReloadAssembly (158ms)
			ExecutionOrderSort (0ms)
			DisableScriptedObjects (7ms)
			BackupInstance (0ms)
			ReleaseScriptingObjects (0ms)
			CreateAndSetChildDomain (45ms)
		EndReloadAssembly (999ms)
			LoadAssemblies (106ms)
			RebuildTransferFunctionScriptingTraits (0ms)
			SetupTypeCache (279ms)
			ReleaseScriptCaches (1ms)
			RebuildScriptCaches (58ms)
			SetupLoadedEditorAssemblies (482ms)
				LogAssemblyErrors (0ms)
				InitializePlatformSupportModulesInManaged (15ms)
				SetLoadedEditorAssemblies (1ms)
				RefreshPlugins (1ms)
				BeforeProcessingInitializeOnLoad (100ms)
				ProcessInitializeOnLoadAttributes (304ms)
				ProcessInitializeOnLoadMethodAttributes (48ms)
				AfterProcessingInitializeOnLoad (13ms)
				EditorAssembliesLoaded (0ms)
			ExecutionOrderSort2 (0ms)
			AwakeInstancesAfterBackupRestoration (10ms)
Platform modules already initialized, skipping
Refreshing native plugins compatible for Editor in 2.79 ms, found 4 plugins.
Preloading 0 native plugins for Editor in 0.00 ms.
Unloading 4120 Unused Serialized files (Serialized files now loaded: 0)
Unloading 35 unused Assets / (197.5 KB). Loaded Objects now: 4610.
Memory consumption went from 158.9 MB to 158.7 MB.
Total: 4.548300 ms (FindLiveObjects: 0.419500 ms CreateObjectMapping: 0.151600 ms MarkObjects: 3.716400 ms  DeleteObjects: 0.259400 ms)

AssetImportParameters requested are different than current active one (requested -> active):
  custom:video-decoder-ogg-theora: a1e56fd34408186e4bbccfd4996cb3dc -> 
  custom:container-muxer-webm: aa71ff27fc2769a1b78a27578f13a17b -> 
  custom:container-demuxer-webm: 4f35f7cbe854078d1ac9338744f61a02 -> 
  custom:video-encoder-webm-vp8: eb34c28f22e8b96e1ab97ce403110664 -> 
  custom:video-codec-MediaFoundation-h265: 746d11721c4dcdbdad8f713fa42b33f4 -> 
  custom:audio-encoder-webm-vorbis: bf7c407c2cedff20999df2af8eb42d56 -> 
  custom:framework-win-MediaFoundation: 216162199b28c13a410421893ffa2e32 -> 
  custom:container-demuxer-ogg: 62fdf1f143b41e24485cea50d1cbac27 -> 
  custom:video-decoder-webm-vp8: 9c59270c3fd7afecdb556c50c9e8de78 -> 
  custom:audio-decoder-ogg-vorbis: bf7c407c2cedff20999df2af8eb42d56 -> 
========================================================================
Received Import Request.
  Time since last request: 61.614484 seconds.
  path: Assets/Prefabs/Water Blast.prefab
  artifactKey: Guid(82e842cdc697c5e46b5a5c2875d3000e) Importer(815301076,1909f56bfc062723c751e8b465ee728b)
Start importing Assets/Prefabs/Water Blast.prefab using Guid(82e842cdc697c5e46b5a5c2875d3000e) Importer(815301076,1909f56bfc062723c751e8b465ee728b)  -> (artifact id: '12d78909dfe60b9233292ab9fcc7d01b') in 0.152584 seconds 
========================================================================
Received Import Request.
  Time since last request: 0.000022 seconds.
  path: Assets/Prefabs/Fey Roses.prefab
  artifactKey: Guid(66b86d676c5e48242ab6b5928134c71a) Importer(815301076,1909f56bfc062723c751e8b465ee728b)
Start importing Assets/Prefabs/Fey Roses.prefab using Guid(66b86d676c5e48242ab6b5928134c71a) Importer(815301076,1909f56bfc062723c751e8b465ee728b)  -> (artifact id: '0ba05f0f71b405309d83de4793db5bf4') in 0.041597 seconds 
========================================================================
Received Import Request.
  Time since last request: 0.000022 seconds.
  path: Assets/Prefabs/Gardeners Miracle.prefab
  artifactKey: Guid(846e81267bb82e6448b07bcf4a117dfb) Importer(815301076,1909f56bfc062723c751e8b465ee728b)
Start importing Assets/Prefabs/Gardeners Miracle.prefab using Guid(846e81267bb82e6448b07bcf4a117dfb) Importer(815301076,1909f56bfc062723c751e8b465ee728b)  -> (artifact id: 'ffee68104ad514a6c16712dcbbe1baf6') in 0.039094 seconds 
========================================================================
Received Import Request.
  Time since last request: 0.000024 seconds.
  path: Assets/Prefabs/Blink Gloves.prefab
  artifactKey: Guid(fe7f8a7b97bd1644ba598f6d9560f2c5) Importer(815301076,1909f56bfc062723c751e8b465ee728b)
Start importing Assets/Prefabs/Blink Gloves.prefab using Guid(fe7f8a7b97bd1644ba598f6d9560f2c5) Importer(815301076,1909f56bfc062723c751e8b465ee728b)  -> (artifact id: 'e1180d0059c755ad2b4f464b7ed47695') in 0.049250 seconds 
========================================================================
Received Import Request.
  Time since last request: 0.000031 seconds.
  path: Assets/Prefabs/Prickle Bulb.prefab
  artifactKey: Guid(4b47ebecf00c31342830fdecf34a7949) Importer(815301076,1909f56bfc062723c751e8b465ee728b)
Start importing Assets/Prefabs/Prickle Bulb.prefab using Guid(4b47ebecf00c31342830fdecf34a7949) Importer(815301076,1909f56bfc062723c751e8b465ee728b)  -> (artifact id: '808d1f58a933ab83dae5b0be5f0ace61') in 0.075243 seconds 
========================================================================
Received Import Request.
  Time since last request: 0.000024 seconds.
  path: Assets/Prefabs/Sorcerer's Lily.prefab
  artifactKey: Guid(0e46b46829aa1dc4e9321a0b6226f5a5) Importer(815301076,1909f56bfc062723c751e8b465ee728b)
Start importing Assets/Prefabs/Sorcerer's Lily.prefab using Guid(0e46b46829aa1dc4e9321a0b6226f5a5) Importer(815301076,1909f56bfc062723c751e8b465ee728b)  -> (artifact id: 'b96ff2d5264de8f08acde479e1d52c36') in 0.057557 seconds 
========================================================================
Received Import Request.
  Time since last request: 0.000022 seconds.
  path: Assets/Prefabs/Moon Cabbage.prefab
  artifactKey: Guid(ff371c1a7c768864192bade218adae45) Importer(815301076,1909f56bfc062723c751e8b465ee728b)
Start importing Assets/Prefabs/Moon Cabbage.prefab using Guid(ff371c1a7c768864192bade218adae45) Importer(815301076,1909f56bfc062723c751e8b465ee728b)  -> (artifact id: '6cc2a601aec69bc63cad0f5eed49c2a4') in 0.049604 seconds 
========================================================================
Received Import Request.
  Time since last request: 0.000022 seconds.
  path: Assets/Prefabs/Oracle Papyris.prefab
  artifactKey: Guid(47e3e8e8f263f63448428b1b016aa3e0) Importer(815301076,1909f56bfc062723c751e8b465ee728b)
Start importing Assets/Prefabs/Oracle Papyris.prefab using Guid(47e3e8e8f263f63448428b1b016aa3e0) Importer(815301076,1909f56bfc062723c751e8b465ee728b)  -> (artifact id: '9827c6eadebc043ac7ac1135313d4186') in 0.039911 seconds 
========================================================================
Received Prepare
Registering precompiled user dll's ...
Registered in 0.008646 seconds.
Begin MonoManager ReloadAssembly
Symbol file LoadedFromMemory doesn't match image C:\Users\S\Desktop\UnityGames\GobblyGardener\Library\PackageCache\com.unity.visualscripting@1.7.8\Editor\VisualScripting.Core\Dependencies\YamlDotNet\Unity.VisualScripting.YamlDotNet.dll
Symbol file LoadedFromMemory doesn't match image C:\Users\S\Desktop\UnityGames\GobblyGardener\Library\PackageCache\com.unity.visualscripting@1.7.8\Editor\VisualScripting.Core\Dependencies\DotNetZip\Unity.VisualScripting.IonicZip.dll
Native extension for WindowsStandalone target not found
Refreshing native plugins compatible for Editor in 0.76 ms, found 4 plugins.
Preloading 0 native plugins for Editor in 0.00 ms.
Mono: successfully reloaded assembly
- Completed reload, in  1.409 seconds
Domain Reload Profiling:
	ReloadAssembly (1409ms)
		BeginReloadAssembly (175ms)
			ExecutionOrderSort (0ms)
			DisableScriptedObjects (9ms)
			BackupInstance (0ms)
			ReleaseScriptingObjects (0ms)
			CreateAndSetChildDomain (37ms)
		EndReloadAssembly (1094ms)
			LoadAssemblies (133ms)
			RebuildTransferFunctionScriptingTraits (0ms)
			SetupTypeCache (325ms)
			ReleaseScriptCaches (1ms)
			RebuildScriptCaches (69ms)
			SetupLoadedEditorAssemblies (509ms)
				LogAssemblyErrors (0ms)
				InitializePlatformSupportModulesInManaged (15ms)
				SetLoadedEditorAssemblies (1ms)
				RefreshPlugins (1ms)
				BeforeProcessingInitializeOnLoad (112ms)
				ProcessInitializeOnLoadAttributes (325ms)
				ProcessInitializeOnLoadMethodAttributes (45ms)
				AfterProcessingInitializeOnLoad (11ms)
				EditorAssembliesLoaded (0ms)
			ExecutionOrderSort2 (0ms)
			AwakeInstancesAfterBackupRestoration (11ms)
Platform modules already initialized, skipping
Refreshing native plugins compatible for Editor in 2.90 ms, found 4 plugins.
Preloading 0 native plugins for Editor in 0.00 ms.
Unloading 4120 Unused Serialized files (Serialized files now loaded: 0)
Unloading 35 unused Assets / (197.4 KB). Loaded Objects now: 4613.
Memory consumption went from 158.9 MB to 158.7 MB.
Total: 4.914000 ms (FindLiveObjects: 0.396800 ms CreateObjectMapping: 0.142800 ms MarkObjects: 4.156800 ms  DeleteObjects: 0.216000 ms)

AssetImportParameters requested are different than current active one (requested -> active):
  custom:video-decoder-ogg-theora: a1e56fd34408186e4bbccfd4996cb3dc -> 
  custom:container-muxer-webm: aa71ff27fc2769a1b78a27578f13a17b -> 
  custom:container-demuxer-webm: 4f35f7cbe854078d1ac9338744f61a02 -> 
  custom:video-encoder-webm-vp8: eb34c28f22e8b96e1ab97ce403110664 -> 
  custom:video-codec-MediaFoundation-h265: 746d11721c4dcdbdad8f713fa42b33f4 -> 
  custom:audio-encoder-webm-vorbis: bf7c407c2cedff20999df2af8eb42d56 -> 
  custom:framework-win-MediaFoundation: 216162199b28c13a410421893ffa2e32 -> 
  custom:container-demuxer-ogg: 62fdf1f143b41e24485cea50d1cbac27 -> 
  custom:video-decoder-webm-vp8: 9c59270c3fd7afecdb556c50c9e8de78 -> 
  custom:audio-decoder-ogg-vorbis: bf7c407c2cedff20999df2af8eb42d56 -> 
========================================================================
Received Import Request.
  Time since last request: 13.733806 seconds.
  path: Assets/Prefabs/Water Blast.prefab
  artifactKey: Guid(82e842cdc697c5e46b5a5c2875d3000e) Importer(815301076,1909f56bfc062723c751e8b465ee728b)
Start importing Assets/Prefabs/Water Blast.prefab using Guid(82e842cdc697c5e46b5a5c2875d3000e) Importer(815301076,1909f56bfc062723c751e8b465ee728b)  -> (artifact id: '5ee20ba09e2082356eb7b6c5c24362c2') in 0.129044 seconds 
========================================================================
Received Import Request.
  Time since last request: 0.000025 seconds.
  path: Assets/Prefabs/Gardeners Miracle.prefab
  artifactKey: Guid(846e81267bb82e6448b07bcf4a117dfb) Importer(815301076,1909f56bfc062723c751e8b465ee728b)
Start importing Assets/Prefabs/Gardeners Miracle.prefab using Guid(846e81267bb82e6448b07bcf4a117dfb) Importer(815301076,1909f56bfc062723c751e8b465ee728b)  -> (artifact id: '7e330f9f7dff57b4b887dd23a3659e8f') in 0.047901 seconds 
========================================================================
Received Import Request.
  Time since last request: 0.000025 seconds.
  path: Assets/Prefabs/Magic Hose.prefab
  artifactKey: Guid(6c729ddb859598a4abca3fa1dd839a0e) Importer(815301076,1909f56bfc062723c751e8b465ee728b)
Start importing Assets/Prefabs/Magic Hose.prefab using Guid(6c729ddb859598a4abca3fa1dd839a0e) Importer(815301076,1909f56bfc062723c751e8b465ee728b)  -> (artifact id: '8f1981bc3d9fc07f71a72a8615e96a74') in 0.059785 seconds 
========================================================================
Received Import Request.
  Time since last request: 0.000024 seconds.
  path: Assets/Prefabs/Arcane Succulent.prefab
  artifactKey: Guid(c119cafc7a23ed44990f3dceed04ba9d) Importer(815301076,1909f56bfc062723c751e8b465ee728b)
Start importing Assets/Prefabs/Arcane Succulent.prefab using Guid(c119cafc7a23ed44990f3dceed04ba9d) Importer(815301076,1909f56bfc062723c751e8b465ee728b)  -> (artifact id: '64ad183af39b3712cbe5152801c54206') in 0.054377 seconds 
========================================================================
Received Prepare
Registering precompiled user dll's ...
Registered in 0.013876 seconds.
Begin MonoManager ReloadAssembly
Symbol file LoadedFromMemory doesn't match image C:\Users\S\Desktop\UnityGames\GobblyGardener\Library\PackageCache\com.unity.visualscripting@1.7.8\Editor\VisualScripting.Core\Dependencies\YamlDotNet\Unity.VisualScripting.YamlDotNet.dll
Symbol file LoadedFromMemory doesn't match image C:\Users\S\Desktop\UnityGames\GobblyGardener\Library\PackageCache\com.unity.visualscripting@1.7.8\Editor\VisualScripting.Core\Dependencies\DotNetZip\Unity.VisualScripting.IonicZip.dll
Native extension for WindowsStandalone target not found
Refreshing native plugins compatible for Editor in 0.75 ms, found 4 plugins.
Preloading 0 native plugins for Editor in 0.00 ms.
Mono: successfully reloaded assembly
- Completed reload, in  1.406 seconds
Domain Reload Profiling:
	ReloadAssembly (1407ms)
		BeginReloadAssembly (173ms)
			ExecutionOrderSort (0ms)
			DisableScriptedObjects (7ms)
			BackupInstance (0ms)
			ReleaseScriptingObjects (0ms)
			CreateAndSetChildDomain (54ms)
		EndReloadAssembly (1067ms)
			LoadAssemblies (122ms)
			RebuildTransferFunctionScriptingTraits (0ms)
			SetupTypeCache (302ms)
			ReleaseScriptCaches (1ms)
			RebuildScriptCaches (85ms)
			SetupLoadedEditorAssemblies (501ms)
				LogAssemblyErrors (0ms)
				InitializePlatformSupportModulesInManaged (15ms)
				SetLoadedEditorAssemblies (1ms)
				RefreshPlugins (1ms)
				BeforeProcessingInitializeOnLoad (102ms)
				ProcessInitializeOnLoadAttributes (312ms)
				ProcessInitializeOnLoadMethodAttributes (59ms)
				AfterProcessingInitializeOnLoad (11ms)
				EditorAssembliesLoaded (0ms)
			ExecutionOrderSort2 (0ms)
			AwakeInstancesAfterBackupRestoration (10ms)
Platform modules already initialized, skipping
Refreshing native plugins compatible for Editor in 2.83 ms, found 4 plugins.
Preloading 0 native plugins for Editor in 0.00 ms.
Unloading 4120 Unused Serialized files (Serialized files now loaded: 0)
Unloading 33 unused Assets / (196.5 KB). Loaded Objects now: 4616.
Memory consumption went from 158.9 MB to 158.7 MB.
Total: 6.104000 ms (FindLiveObjects: 0.423700 ms CreateObjectMapping: 0.128300 ms MarkObjects: 5.354400 ms  DeleteObjects: 0.196300 ms)

AssetImportParameters requested are different than current active one (requested -> active):
  custom:video-decoder-ogg-theora: a1e56fd34408186e4bbccfd4996cb3dc -> 
  custom:container-muxer-webm: aa71ff27fc2769a1b78a27578f13a17b -> 
  custom:container-demuxer-webm: 4f35f7cbe854078d1ac9338744f61a02 -> 
  custom:video-encoder-webm-vp8: eb34c28f22e8b96e1ab97ce403110664 -> 
  custom:video-codec-MediaFoundation-h265: 746d11721c4dcdbdad8f713fa42b33f4 -> 
  custom:audio-encoder-webm-vorbis: bf7c407c2cedff20999df2af8eb42d56 -> 
  custom:framework-win-MediaFoundation: 216162199b28c13a410421893ffa2e32 -> 
  custom:container-demuxer-ogg: 62fdf1f143b41e24485cea50d1cbac27 -> 
  custom:video-decoder-webm-vp8: 9c59270c3fd7afecdb556c50c9e8de78 -> 
  custom:audio-decoder-ogg-vorbis: bf7c407c2cedff20999df2af8eb42d56 -> 
========================================================================
Received Import Request.
  Time since last request: 14.961681 seconds.
  path: Assets/Prefabs/Diviners Boots.prefab
  artifactKey: Guid(2b54af02ef85ca2438444387550a60a5) Importer(815301076,1909f56bfc062723c751e8b465ee728b)
Start importing Assets/Prefabs/Diviners Boots.prefab using Guid(2b54af02ef85ca2438444387550a60a5) Importer(815301076,1909f56bfc062723c751e8b465ee728b)  -> (artifact id: '09eb3029076582ae70a8afd433558d3d') in 0.134476 seconds 
========================================================================
Received Import Request.
  Time since last request: 0.000023 seconds.
  path: Assets/Prefabs/Magic Hose.prefab
  artifactKey: Guid(6c729ddb859598a4abca3fa1dd839a0e) Importer(815301076,1909f56bfc062723c751e8b465ee728b)
Start importing Assets/Prefabs/Magic Hose.prefab using Guid(6c729ddb859598a4abca3fa1dd839a0e) Importer(815301076,1909f56bfc062723c751e8b465ee728b)  -> (artifact id: '47e5735842ee134d530199929fb8c9f7') in 0.043926 seconds 
========================================================================
Received Import Request.
  Time since last request: 0.000023 seconds.
  path: Assets/Prefabs/Moon Cabbage.prefab
  artifactKey: Guid(ff371c1a7c768864192bade218adae45) Importer(815301076,1909f56bfc062723c751e8b465ee728b)
Start importing Assets/Prefabs/Moon Cabbage.prefab using Guid(ff371c1a7c768864192bade218adae45) Importer(815301076,1909f56bfc062723c751e8b465ee728b)  -> (artifact id: 'cb89ce5b130b721ee8e54aea66939676') in 0.049988 seconds 
========================================================================
Received Import Request.
  Time since last request: 1.824590 seconds.
  path: Assets/Prefabs/Oracle Papyris.prefab
  artifactKey: Guid(47e3e8e8f263f63448428b1b016aa3e0) Importer(815301076,1909f56bfc062723c751e8b465ee728b)
Start importing Assets/Prefabs/Oracle Papyris.prefab using Guid(47e3e8e8f263f63448428b1b016aa3e0) Importer(815301076,1909f56bfc062723c751e8b465ee728b)  -> (artifact id: '58adcf2b7fd89a1e0edb7e3e8bbce25b') in 0.035445 seconds 
========================================================================
Received Import Request.
  Time since last request: 15.870908 seconds.
  path: Assets/Prefabs/Oracle Papyris.prefab
  artifactKey: Guid(47e3e8e8f263f63448428b1b016aa3e0) Importer(815301076,1909f56bfc062723c751e8b465ee728b)
Start importing Assets/Prefabs/Oracle Papyris.prefab using Guid(47e3e8e8f263f63448428b1b016aa3e0) Importer(815301076,1909f56bfc062723c751e8b465ee728b)  -> (artifact id: '00d4cdc3dd362b33e2cb3b6739324f9d') in 0.035229 seconds 
========================================================================
Received Prepare
Registering precompiled user dll's ...
Registered in 0.011028 seconds.
Begin MonoManager ReloadAssembly
Symbol file LoadedFromMemory doesn't match image C:\Users\S\Desktop\UnityGames\GobblyGardener\Library\PackageCache\com.unity.visualscripting@1.7.8\Editor\VisualScripting.Core\Dependencies\YamlDotNet\Unity.VisualScripting.YamlDotNet.dll
Symbol file LoadedFromMemory doesn't match image C:\Users\S\Desktop\UnityGames\GobblyGardener\Library\PackageCache\com.unity.visualscripting@1.7.8\Editor\VisualScripting.Core\Dependencies\DotNetZip\Unity.VisualScripting.IonicZip.dll
Native extension for WindowsStandalone target not found
Refreshing native plugins compatible for Editor in 0.76 ms, found 4 plugins.
Preloading 0 native plugins for Editor in 0.00 ms.
Mono: successfully reloaded assembly
- Completed reload, in  1.208 seconds
Domain Reload Profiling:
	ReloadAssembly (1209ms)
		BeginReloadAssembly (152ms)
			ExecutionOrderSort (0ms)
			DisableScriptedObjects (7ms)
			BackupInstance (0ms)
			ReleaseScriptingObjects (0ms)
			CreateAndSetChildDomain (39ms)
		EndReloadAssembly (935ms)
			LoadAssemblies (113ms)
			RebuildTransferFunctionScriptingTraits (0ms)
			SetupTypeCache (256ms)
			ReleaseScriptCaches (1ms)
			RebuildScriptCaches (58ms)
			SetupLoadedEditorAssemblies (452ms)
				LogAssemblyErrors (0ms)
				InitializePlatformSupportModulesInManaged (15ms)
				SetLoadedEditorAssemblies (1ms)
				RefreshPlugins (1ms)
				BeforeProcessingInitializeOnLoad (96ms)
				ProcessInitializeOnLoadAttributes (279ms)
				ProcessInitializeOnLoadMethodAttributes (47ms)
				AfterProcessingInitializeOnLoad (13ms)
				EditorAssembliesLoaded (0ms)
			ExecutionOrderSort2 (0ms)
			AwakeInstancesAfterBackupRestoration (11ms)
Platform modules already initialized, skipping
Refreshing native plugins compatible for Editor in 3.26 ms, found 4 plugins.
Preloading 0 native plugins for Editor in 0.00 ms.
Unloading 4120 Unused Serialized files (Serialized files now loaded: 0)
Unloading 35 unused Assets / (197.7 KB). Loaded Objects now: 4619.
Memory consumption went from 158.9 MB to 158.8 MB.
Total: 3.868600 ms (FindLiveObjects: 0.421200 ms CreateObjectMapping: 0.146800 ms MarkObjects: 3.039500 ms  DeleteObjects: 0.259400 ms)

AssetImportParameters requested are different than current active one (requested -> active):
  custom:video-decoder-ogg-theora: a1e56fd34408186e4bbccfd4996cb3dc -> 
  custom:container-muxer-webm: aa71ff27fc2769a1b78a27578f13a17b -> 
  custom:container-demuxer-webm: 4f35f7cbe854078d1ac9338744f61a02 -> 
  custom:video-encoder-webm-vp8: eb34c28f22e8b96e1ab97ce403110664 -> 
  custom:video-codec-MediaFoundation-h265: 746d11721c4dcdbdad8f713fa42b33f4 -> 
  custom:audio-encoder-webm-vorbis: bf7c407c2cedff20999df2af8eb42d56 -> 
  custom:framework-win-MediaFoundation: 216162199b28c13a410421893ffa2e32 -> 
  custom:container-demuxer-ogg: 62fdf1f143b41e24485cea50d1cbac27 -> 
  custom:video-decoder-webm-vp8: 9c59270c3fd7afecdb556c50c9e8de78 -> 
  custom:audio-decoder-ogg-vorbis: bf7c407c2cedff20999df2af8eb42d56 -> 
========================================================================
Received Prepare
Registering precompiled user dll's ...
Registered in 0.010268 seconds.
Begin MonoManager ReloadAssembly
Symbol file LoadedFromMemory doesn't match image C:\Users\S\Desktop\UnityGames\GobblyGardener\Library\PackageCache\com.unity.visualscripting@1.7.8\Editor\VisualScripting.Core\Dependencies\YamlDotNet\Unity.VisualScripting.YamlDotNet.dll
Symbol file LoadedFromMemory doesn't match image C:\Users\S\Desktop\UnityGames\GobblyGardener\Library\PackageCache\com.unity.visualscripting@1.7.8\Editor\VisualScripting.Core\Dependencies\DotNetZip\Unity.VisualScripting.IonicZip.dll
Native extension for WindowsStandalone target not found
Refreshing native plugins compatible for Editor in 0.79 ms, found 4 plugins.
Preloading 0 native plugins for Editor in 0.00 ms.
Mono: successfully reloaded assembly
- Completed reload, in  1.106 seconds
Domain Reload Profiling:
	ReloadAssembly (1107ms)
		BeginReloadAssembly (146ms)
			ExecutionOrderSort (0ms)
			DisableScriptedObjects (9ms)
			BackupInstance (0ms)
			ReleaseScriptingObjects (0ms)
			CreateAndSetChildDomain (34ms)
		EndReloadAssembly (842ms)
			LoadAssemblies (105ms)
			RebuildTransferFunctionScriptingTraits (0ms)
			SetupTypeCache (249ms)
			ReleaseScriptCaches (1ms)
			RebuildScriptCaches (52ms)
			SetupLoadedEditorAssemblies (383ms)
				LogAssemblyErrors (0ms)
				InitializePlatformSupportModulesInManaged (15ms)
				SetLoadedEditorAssemblies (1ms)
				RefreshPlugins (1ms)
				BeforeProcessingInitializeOnLoad (89ms)
				ProcessInitializeOnLoadAttributes (229ms)
				ProcessInitializeOnLoadMethodAttributes (37ms)
				AfterProcessingInitializeOnLoad (11ms)
				EditorAssembliesLoaded (0ms)
			ExecutionOrderSort2 (0ms)
			AwakeInstancesAfterBackupRestoration (10ms)
Platform modules already initialized, skipping
Refreshing native plugins compatible for Editor in 2.91 ms, found 4 plugins.
Preloading 0 native plugins for Editor in 0.00 ms.
Unloading 4120 Unused Serialized files (Serialized files now loaded: 0)
Unloading 31 unused Assets / (195.7 KB). Loaded Objects now: 4622.
Memory consumption went from 159.0 MB to 158.8 MB.
Total: 3.393200 ms (FindLiveObjects: 0.397100 ms CreateObjectMapping: 0.154700 ms MarkObjects: 2.680900 ms  DeleteObjects: 0.159500 ms)

AssetImportParameters requested are different than current active one (requested -> active):
  custom:video-decoder-ogg-theora: a1e56fd34408186e4bbccfd4996cb3dc -> 
  custom:container-muxer-webm: aa71ff27fc2769a1b78a27578f13a17b -> 
  custom:container-demuxer-webm: 4f35f7cbe854078d1ac9338744f61a02 -> 
  custom:video-encoder-webm-vp8: eb34c28f22e8b96e1ab97ce403110664 -> 
  custom:video-codec-MediaFoundation-h265: 746d11721c4dcdbdad8f713fa42b33f4 -> 
  custom:audio-encoder-webm-vorbis: bf7c407c2cedff20999df2af8eb42d56 -> 
  custom:framework-win-MediaFoundation: 216162199b28c13a410421893ffa2e32 -> 
  custom:container-demuxer-ogg: 62fdf1f143b41e24485cea50d1cbac27 -> 
  custom:video-decoder-webm-vp8: 9c59270c3fd7afecdb556c50c9e8de78 -> 
  custom:audio-decoder-ogg-vorbis: bf7c407c2cedff20999df2af8eb42d56 -> 
========================================================================
Received Prepare
Registering precompiled user dll's ...
Registered in 0.009207 seconds.
Begin MonoManager ReloadAssembly
Symbol file LoadedFromMemory doesn't match image C:\Users\S\Desktop\UnityGames\GobblyGardener\Library\PackageCache\com.unity.visualscripting@1.7.8\Editor\VisualScripting.Core\Dependencies\YamlDotNet\Unity.VisualScripting.YamlDotNet.dll
Symbol file LoadedFromMemory doesn't match image C:\Users\S\Desktop\UnityGames\GobblyGardener\Library\PackageCache\com.unity.visualscripting@1.7.8\Editor\VisualScripting.Core\Dependencies\DotNetZip\Unity.VisualScripting.IonicZip.dll
Native extension for WindowsStandalone target not found
Refreshing native plugins compatible for Editor in 0.82 ms, found 4 plugins.
Preloading 0 native plugins for Editor in 0.00 ms.
Mono: successfully reloaded assembly
- Completed reload, in  1.141 seconds
Domain Reload Profiling:
	ReloadAssembly (1141ms)
		BeginReloadAssembly (146ms)
			ExecutionOrderSort (0ms)
			DisableScriptedObjects (8ms)
			BackupInstance (0ms)
			ReleaseScriptingObjects (0ms)
			CreateAndSetChildDomain (34ms)
		EndReloadAssembly (873ms)
			LoadAssemblies (110ms)
			RebuildTransferFunctionScriptingTraits (0ms)
			SetupTypeCache (245ms)
			ReleaseScriptCaches (1ms)
			RebuildScriptCaches (51ms)
			SetupLoadedEditorAssemblies (413ms)
				LogAssemblyErrors (0ms)
				InitializePlatformSupportModulesInManaged (15ms)
				SetLoadedEditorAssemblies (1ms)
				RefreshPlugins (1ms)
				BeforeProcessingInitializeOnLoad (91ms)
				ProcessInitializeOnLoadAttributes (248ms)
				ProcessInitializeOnLoadMethodAttributes (46ms)
				AfterProcessingInitializeOnLoad (12ms)
				EditorAssembliesLoaded (0ms)
			ExecutionOrderSort2 (0ms)
			AwakeInstancesAfterBackupRestoration (11ms)
Platform modules already initialized, skipping
Refreshing native plugins compatible for Editor in 3.46 ms, found 4 plugins.
Preloading 0 native plugins for Editor in 0.00 ms.
Unloading 4120 Unused Serialized files (Serialized files now loaded: 0)
Unloading 31 unused Assets / (195.7 KB). Loaded Objects now: 4625.
Memory consumption went from 159.0 MB to 158.8 MB.
Total: 3.530300 ms (FindLiveObjects: 0.406300 ms CreateObjectMapping: 0.130800 ms MarkObjects: 2.829500 ms  DeleteObjects: 0.162400 ms)

AssetImportParameters requested are different than current active one (requested -> active):
  custom:video-decoder-ogg-theora: a1e56fd34408186e4bbccfd4996cb3dc -> 
  custom:container-muxer-webm: aa71ff27fc2769a1b78a27578f13a17b -> 
  custom:container-demuxer-webm: 4f35f7cbe854078d1ac9338744f61a02 -> 
  custom:video-encoder-webm-vp8: eb34c28f22e8b96e1ab97ce403110664 -> 
  custom:video-codec-MediaFoundation-h265: 746d11721c4dcdbdad8f713fa42b33f4 -> 
  custom:audio-encoder-webm-vorbis: bf7c407c2cedff20999df2af8eb42d56 -> 
  custom:framework-win-MediaFoundation: 216162199b28c13a410421893ffa2e32 -> 
  custom:container-demuxer-ogg: 62fdf1f143b41e24485cea50d1cbac27 -> 
  custom:video-decoder-webm-vp8: 9c59270c3fd7afecdb556c50c9e8de78 -> 
  custom:audio-decoder-ogg-vorbis: bf7c407c2cedff20999df2af8eb42d56 -> 
========================================================================
Received Prepare
Registering precompiled user dll's ...
Registered in 0.008724 seconds.
Begin MonoManager ReloadAssembly
Symbol file LoadedFromMemory doesn't match image C:\Users\S\Desktop\UnityGames\GobblyGardener\Library\PackageCache\com.unity.visualscripting@1.7.8\Editor\VisualScripting.Core\Dependencies\YamlDotNet\Unity.VisualScripting.YamlDotNet.dll
Symbol file LoadedFromMemory doesn't match image C:\Users\S\Desktop\UnityGames\GobblyGardener\Library\PackageCache\com.unity.visualscripting@1.7.8\Editor\VisualScripting.Core\Dependencies\DotNetZip\Unity.VisualScripting.IonicZip.dll
Native extension for WindowsStandalone target not found
Refreshing native plugins compatible for Editor in 0.75 ms, found 4 plugins.
Preloading 0 native plugins for Editor in 0.00 ms.
Mono: successfully reloaded assembly
- Completed reload, in  1.372 seconds
Domain Reload Profiling:
	ReloadAssembly (1372ms)
		BeginReloadAssembly (137ms)
			ExecutionOrderSort (0ms)
			DisableScriptedObjects (8ms)
			BackupInstance (0ms)
			ReleaseScriptingObjects (0ms)
			CreateAndSetChildDomain (33ms)
		EndReloadAssembly (1102ms)
			LoadAssemblies (107ms)
			RebuildTransferFunctionScriptingTraits (0ms)
			SetupTypeCache (277ms)
			ReleaseScriptCaches (1ms)
			RebuildScriptCaches (54ms)
			SetupLoadedEditorAssemblies (575ms)
				LogAssemblyErrors (0ms)
				InitializePlatformSupportModulesInManaged (14ms)
				SetLoadedEditorAssemblies (4ms)
				RefreshPlugins (1ms)
				BeforeProcessingInitializeOnLoad (125ms)
				ProcessInitializeOnLoadAttributes (357ms)
				ProcessInitializeOnLoadMethodAttributes (51ms)
				AfterProcessingInitializeOnLoad (23ms)
				EditorAssembliesLoaded (0ms)
			ExecutionOrderSort2 (0ms)
			AwakeInstancesAfterBackupRestoration (12ms)
Platform modules already initialized, skipping
Refreshing native plugins compatible for Editor in 2.76 ms, found 4 plugins.
Preloading 0 native plugins for Editor in 0.00 ms.
Unloading 4120 Unused Serialized files (Serialized files now loaded: 0)
Unloading 31 unused Assets / (195.5 KB). Loaded Objects now: 4628.
Memory consumption went from 159.0 MB to 158.8 MB.
Total: 3.360200 ms (FindLiveObjects: 0.418000 ms CreateObjectMapping: 0.140800 ms MarkObjects: 2.630600 ms  DeleteObjects: 0.169600 ms)

AssetImportParameters requested are different than current active one (requested -> active):
  custom:video-decoder-ogg-theora: a1e56fd34408186e4bbccfd4996cb3dc -> 
  custom:container-muxer-webm: aa71ff27fc2769a1b78a27578f13a17b -> 
  custom:container-demuxer-webm: 4f35f7cbe854078d1ac9338744f61a02 -> 
  custom:video-encoder-webm-vp8: eb34c28f22e8b96e1ab97ce403110664 -> 
  custom:video-codec-MediaFoundation-h265: 746d11721c4dcdbdad8f713fa42b33f4 -> 
  custom:audio-encoder-webm-vorbis: bf7c407c2cedff20999df2af8eb42d56 -> 
  custom:framework-win-MediaFoundation: 216162199b28c13a410421893ffa2e32 -> 
  custom:container-demuxer-ogg: 62fdf1f143b41e24485cea50d1cbac27 -> 
  custom:video-decoder-webm-vp8: 9c59270c3fd7afecdb556c50c9e8de78 -> 
  custom:audio-decoder-ogg-vorbis: bf7c407c2cedff20999df2af8eb42d56 -> 
========================================================================
Received Prepare
Registering precompiled user dll's ...
Registered in 0.014180 seconds.
Begin MonoManager ReloadAssembly
Symbol file LoadedFromMemory doesn't match image C:\Users\S\Desktop\UnityGames\GobblyGardener\Library\PackageCache\com.unity.visualscripting@1.7.8\Editor\VisualScripting.Core\Dependencies\YamlDotNet\Unity.VisualScripting.YamlDotNet.dll
Symbol file LoadedFromMemory doesn't match image C:\Users\S\Desktop\UnityGames\GobblyGardener\Library\PackageCache\com.unity.visualscripting@1.7.8\Editor\VisualScripting.Core\Dependencies\DotNetZip\Unity.VisualScripting.IonicZip.dll
Native extension for WindowsStandalone target not found
Refreshing native plugins compatible for Editor in 0.89 ms, found 4 plugins.
Preloading 0 native plugins for Editor in 0.00 ms.
Mono: successfully reloaded assembly
- Completed reload, in  1.478 seconds
Domain Reload Profiling:
	ReloadAssembly (1479ms)
		BeginReloadAssembly (206ms)
			ExecutionOrderSort (0ms)
			DisableScriptedObjects (9ms)
			BackupInstance (0ms)
			ReleaseScriptingObjects (0ms)
			CreateAndSetChildDomain (57ms)
		EndReloadAssembly (1134ms)
			LoadAssemblies (143ms)
			RebuildTransferFunctionScriptingTraits (0ms)
			SetupTypeCache (339ms)
			ReleaseScriptCaches (2ms)
			RebuildScriptCaches (69ms)
			SetupLoadedEditorAssemblies (537ms)
				LogAssemblyErrors (0ms)
				InitializePlatformSupportModulesInManaged (15ms)
				SetLoadedEditorAssemblies (1ms)
				RefreshPlugins (1ms)
				BeforeProcessingInitializeOnLoad (133ms)
				ProcessInitializeOnLoadAttributes (316ms)
				ProcessInitializeOnLoadMethodAttributes (50ms)
				AfterProcessingInitializeOnLoad (22ms)
				EditorAssembliesLoaded (0ms)
			ExecutionOrderSort2 (0ms)
			AwakeInstancesAfterBackupRestoration (11ms)
Platform modules already initialized, skipping
Refreshing native plugins compatible for Editor in 3.53 ms, found 4 plugins.
Preloading 0 native plugins for Editor in 0.00 ms.
Unloading 4120 Unused Serialized files (Serialized files now loaded: 0)
Unloading 31 unused Assets / (199.0 KB). Loaded Objects now: 4631.
Memory consumption went from 159.0 MB to 158.8 MB.
Total: 2.589600 ms (FindLiveObjects: 0.228600 ms CreateObjectMapping: 0.101500 ms MarkObjects: 2.118200 ms  DeleteObjects: 0.140300 ms)

AssetImportParameters requested are different than current active one (requested -> active):
  custom:video-decoder-ogg-theora: a1e56fd34408186e4bbccfd4996cb3dc -> 
  custom:container-muxer-webm: aa71ff27fc2769a1b78a27578f13a17b -> 
  custom:container-demuxer-webm: 4f35f7cbe854078d1ac9338744f61a02 -> 
  custom:video-encoder-webm-vp8: eb34c28f22e8b96e1ab97ce403110664 -> 
  custom:video-codec-MediaFoundation-h265: 746d11721c4dcdbdad8f713fa42b33f4 -> 
  custom:audio-encoder-webm-vorbis: bf7c407c2cedff20999df2af8eb42d56 -> 
  custom:framework-win-MediaFoundation: 216162199b28c13a410421893ffa2e32 -> 
  custom:container-demuxer-ogg: 62fdf1f143b41e24485cea50d1cbac27 -> 
  custom:video-decoder-webm-vp8: 9c59270c3fd7afecdb556c50c9e8de78 -> 
  custom:audio-decoder-ogg-vorbis: bf7c407c2cedff20999df2af8eb42d56 -> 
Editor requested this worker to shutdown with reason: Scaling down because of idle timeout
AssetImportWorker is now disconnected from the server
Process exiting
Exiting without the bug reporter. Application will terminate with return code 0